State 0:
          input ::= * value
          input ::= * view_def
          value ::= * TK_NULL
          value ::= * TK_TRUE
          value ::= * TK_FALSE
          value ::= * TK_NUMBER
          value ::= * TK_NUMBER_N
          value ::= * TK_NUMBER_M
          value ::= * TK_NUMBER_L
          value ::= * TK_STRING
          value ::= * TK_BLOB
          value ::= * TK_UNBOUND
          value ::= * TK_IDENT
          value ::= * array
          array ::= * arr_open TK_RBRACKET
          array ::= * arr_open elements opt_comma TK_RBRACKET
          arr_open ::= * TK_LBRACKET
          value ::= * object
          object ::= * obj_open TK_RBRACE
          object ::= * obj_open entries opt_comma TK_RBRACE
          obj_open ::= * TK_LBRACE
          view_def ::= * value TK_WHERE condition

                       TK_NULL shift-reduce 0      value ::= TK_NULL
                       TK_TRUE shift-reduce 1      value ::= TK_TRUE
                      TK_FALSE shift-reduce 2      value ::= TK_FALSE
                     TK_NUMBER shift-reduce 3      value ::= TK_NUMBER
                   TK_NUMBER_N shift-reduce 4      value ::= TK_NUMBER_N
                   TK_NUMBER_M shift-reduce 5      value ::= TK_NUMBER_M
                   TK_NUMBER_L shift-reduce 6      value ::= TK_NUMBER_L
                     TK_STRING shift-reduce 7      value ::= TK_STRING
                       TK_BLOB shift-reduce 8      value ::= TK_BLOB
                    TK_UNBOUND shift-reduce 9      value ::= TK_UNBOUND
                      TK_IDENT shift-reduce 10     value ::= TK_IDENT
                   TK_LBRACKET shift-reduce 13     arr_open ::= TK_LBRACKET
                     TK_LBRACE shift-reduce 16     obj_open ::= TK_LBRACE
                         input accept
                         value shift        30     
                      view_def shift        31     
                         array shift        30       /* because array==value */
                      arr_open shift        15     
                        object shift        30       /* because object==value */
                      obj_open shift        6      

State 1:
          value ::= * TK_NULL
          value ::= * TK_TRUE
          value ::= * TK_FALSE
          value ::= * TK_NUMBER
          value ::= * TK_NUMBER_N
          value ::= * TK_NUMBER_M
          value ::= * TK_NUMBER_L
          value ::= * TK_STRING
          value ::= * TK_BLOB
          value ::= * TK_UNBOUND
          value ::= * TK_IDENT
          value ::= * array
          array ::= * arr_open TK_RBRACKET
          array ::= * arr_open elements opt_comma TK_RBRACKET
          arr_open ::= * TK_LBRACKET
          value ::= * object
          object ::= * obj_open TK_RBRACE
          object ::= * obj_open entries opt_comma TK_RBRACE
          obj_open ::= * TK_LBRACE
          condition ::= * match_clause
          condition ::= * condition TK_AND condition
          condition ::= * condition TK_OR condition
          condition ::= * TK_NOT condition
          condition ::= * TK_LPAREN condition TK_RPAREN
          condition ::= TK_LPAREN * condition TK_RPAREN
          match_clause ::= * value TK_IN value
          condition ::= * expr TK_EQ expr
          expr ::= * value
          expr ::= * expr TK_PLUS expr
          expr ::= * expr TK_MINUS expr
          expr ::= * expr TK_STAR expr
          expr ::= * expr TK_SLASH expr
          expr ::= * expr TK_CARET expr
          expr ::= * TK_MINUS expr
          expr ::= * TK_LPAREN expr TK_RPAREN
          expr ::= TK_LPAREN * expr TK_RPAREN

                        TK_NOT shift        2      
                      TK_MINUS shift        8      
                       TK_NULL shift-reduce 0      value ::= TK_NULL
                       TK_TRUE shift-reduce 1      value ::= TK_TRUE
                      TK_FALSE shift-reduce 2      value ::= TK_FALSE
                     TK_NUMBER shift-reduce 3      value ::= TK_NUMBER
                   TK_NUMBER_N shift-reduce 4      value ::= TK_NUMBER_N
                   TK_NUMBER_M shift-reduce 5      value ::= TK_NUMBER_M
                   TK_NUMBER_L shift-reduce 6      value ::= TK_NUMBER_L
                     TK_STRING shift-reduce 7      value ::= TK_STRING
                       TK_BLOB shift-reduce 8      value ::= TK_BLOB
                    TK_UNBOUND shift-reduce 9      value ::= TK_UNBOUND
                      TK_IDENT shift-reduce 10     value ::= TK_IDENT
                   TK_LBRACKET shift-reduce 13     arr_open ::= TK_LBRACKET
                     TK_LBRACE shift-reduce 16     obj_open ::= TK_LBRACE
                     TK_LPAREN shift        1      
                         value shift        36     
                         array shift        36       /* because array==value */
                      arr_open shift        15     
                        object shift        36       /* because object==value */
                      obj_open shift        6      
                     condition shift        28     
                  match_clause shift        28       /* because match_clause==condition */
                          expr shift        22     

State 2:
          value ::= * TK_NULL
          value ::= * TK_TRUE
          value ::= * TK_FALSE
          value ::= * TK_NUMBER
          value ::= * TK_NUMBER_N
          value ::= * TK_NUMBER_M
          value ::= * TK_NUMBER_L
          value ::= * TK_STRING
          value ::= * TK_BLOB
          value ::= * TK_UNBOUND
          value ::= * TK_IDENT
          value ::= * array
          array ::= * arr_open TK_RBRACKET
          array ::= * arr_open elements opt_comma TK_RBRACKET
          arr_open ::= * TK_LBRACKET
          value ::= * object
          object ::= * obj_open TK_RBRACE
          object ::= * obj_open entries opt_comma TK_RBRACE
          obj_open ::= * TK_LBRACE
          condition ::= * match_clause
          condition ::= * condition TK_AND condition
          condition ::= * condition TK_OR condition
          condition ::= * TK_NOT condition
          condition ::= TK_NOT * condition
          condition ::= * TK_LPAREN condition TK_RPAREN
          match_clause ::= * value TK_IN value
          condition ::= * expr TK_EQ expr
          expr ::= * value
          expr ::= * expr TK_PLUS expr
          expr ::= * expr TK_MINUS expr
          expr ::= * expr TK_STAR expr
          expr ::= * expr TK_SLASH expr
          expr ::= * expr TK_CARET expr
          expr ::= * TK_MINUS expr
          expr ::= * TK_LPAREN expr TK_RPAREN

                        TK_NOT shift        2      
                      TK_MINUS shift        8      
                       TK_NULL shift-reduce 0      value ::= TK_NULL
                       TK_TRUE shift-reduce 1      value ::= TK_TRUE
                      TK_FALSE shift-reduce 2      value ::= TK_FALSE
                     TK_NUMBER shift-reduce 3      value ::= TK_NUMBER
                   TK_NUMBER_N shift-reduce 4      value ::= TK_NUMBER_N
                   TK_NUMBER_M shift-reduce 5      value ::= TK_NUMBER_M
                   TK_NUMBER_L shift-reduce 6      value ::= TK_NUMBER_L
                     TK_STRING shift-reduce 7      value ::= TK_STRING
                       TK_BLOB shift-reduce 8      value ::= TK_BLOB
                    TK_UNBOUND shift-reduce 9      value ::= TK_UNBOUND
                      TK_IDENT shift-reduce 10     value ::= TK_IDENT
                   TK_LBRACKET shift-reduce 13     arr_open ::= TK_LBRACKET
                     TK_LBRACE shift-reduce 16     obj_open ::= TK_LBRACE
                     TK_LPAREN shift        1      
                         value shift        36     
                         array shift        36       /* because array==value */
                      arr_open shift        15     
                        object shift        36       /* because object==value */
                      obj_open shift        6      
                     condition shift-reduce 21     condition ::= TK_NOT condition
                  match_clause shift-reduce 21     condition ::= TK_NOT condition  /* because match_clause==condition */
                          expr shift        23     

State 3:
          value ::= * TK_NULL
          value ::= * TK_TRUE
          value ::= * TK_FALSE
          value ::= * TK_NUMBER
          value ::= * TK_NUMBER_N
          value ::= * TK_NUMBER_M
          value ::= * TK_NUMBER_L
          value ::= * TK_STRING
          value ::= * TK_BLOB
          value ::= * TK_UNBOUND
          value ::= * TK_IDENT
          value ::= * array
          array ::= * arr_open TK_RBRACKET
          array ::= * arr_open elements opt_comma TK_RBRACKET
          arr_open ::= * TK_LBRACKET
          value ::= * object
          object ::= * obj_open TK_RBRACE
          object ::= * obj_open entries opt_comma TK_RBRACE
          obj_open ::= * TK_LBRACE
          condition ::= * match_clause
          condition ::= * condition TK_AND condition
          condition ::= * condition TK_OR condition
          condition ::= condition TK_OR * condition
          condition ::= * TK_NOT condition
          condition ::= * TK_LPAREN condition TK_RPAREN
          match_clause ::= * value TK_IN value
          condition ::= * expr TK_EQ expr
          expr ::= * value
          expr ::= * expr TK_PLUS expr
          expr ::= * expr TK_MINUS expr
          expr ::= * expr TK_STAR expr
          expr ::= * expr TK_SLASH expr
          expr ::= * expr TK_CARET expr
          expr ::= * TK_MINUS expr
          expr ::= * TK_LPAREN expr TK_RPAREN

                        TK_NOT shift        2      
                      TK_MINUS shift        8      
                       TK_NULL shift-reduce 0      value ::= TK_NULL
                       TK_TRUE shift-reduce 1      value ::= TK_TRUE
                      TK_FALSE shift-reduce 2      value ::= TK_FALSE
                     TK_NUMBER shift-reduce 3      value ::= TK_NUMBER
                   TK_NUMBER_N shift-reduce 4      value ::= TK_NUMBER_N
                   TK_NUMBER_M shift-reduce 5      value ::= TK_NUMBER_M
                   TK_NUMBER_L shift-reduce 6      value ::= TK_NUMBER_L
                     TK_STRING shift-reduce 7      value ::= TK_STRING
                       TK_BLOB shift-reduce 8      value ::= TK_BLOB
                    TK_UNBOUND shift-reduce 9      value ::= TK_UNBOUND
                      TK_IDENT shift-reduce 10     value ::= TK_IDENT
                   TK_LBRACKET shift-reduce 13     arr_open ::= TK_LBRACKET
                     TK_LBRACE shift-reduce 16     obj_open ::= TK_LBRACE
                     TK_LPAREN shift        1      
                         value shift        36     
                         array shift        36       /* because array==value */
                      arr_open shift        15     
                        object shift        36       /* because object==value */
                      obj_open shift        6      
                     condition shift        37     
                  match_clause shift        37       /* because match_clause==condition */
                          expr shift        23     

State 4:
          value ::= * TK_NULL
          value ::= * TK_TRUE
          value ::= * TK_FALSE
          value ::= * TK_NUMBER
          value ::= * TK_NUMBER_N
          value ::= * TK_NUMBER_M
          value ::= * TK_NUMBER_L
          value ::= * TK_STRING
          value ::= * TK_BLOB
          value ::= * TK_UNBOUND
          value ::= * TK_IDENT
          value ::= * array
          array ::= * arr_open TK_RBRACKET
          array ::= * arr_open elements opt_comma TK_RBRACKET
          arr_open ::= * TK_LBRACKET
          value ::= * object
          object ::= * obj_open TK_RBRACE
          object ::= * obj_open entries opt_comma TK_RBRACE
          obj_open ::= * TK_LBRACE
          condition ::= * match_clause
          condition ::= * condition TK_AND condition
          condition ::= condition TK_AND * condition
          condition ::= * condition TK_OR condition
          condition ::= * TK_NOT condition
          condition ::= * TK_LPAREN condition TK_RPAREN
          match_clause ::= * value TK_IN value
          condition ::= * expr TK_EQ expr
          expr ::= * value
          expr ::= * expr TK_PLUS expr
          expr ::= * expr TK_MINUS expr
          expr ::= * expr TK_STAR expr
          expr ::= * expr TK_SLASH expr
          expr ::= * expr TK_CARET expr
          expr ::= * TK_MINUS expr
          expr ::= * TK_LPAREN expr TK_RPAREN

                        TK_NOT shift        2      
                      TK_MINUS shift        8      
                       TK_NULL shift-reduce 0      value ::= TK_NULL
                       TK_TRUE shift-reduce 1      value ::= TK_TRUE
                      TK_FALSE shift-reduce 2      value ::= TK_FALSE
                     TK_NUMBER shift-reduce 3      value ::= TK_NUMBER
                   TK_NUMBER_N shift-reduce 4      value ::= TK_NUMBER_N
                   TK_NUMBER_M shift-reduce 5      value ::= TK_NUMBER_M
                   TK_NUMBER_L shift-reduce 6      value ::= TK_NUMBER_L
                     TK_STRING shift-reduce 7      value ::= TK_STRING
                       TK_BLOB shift-reduce 8      value ::= TK_BLOB
                    TK_UNBOUND shift-reduce 9      value ::= TK_UNBOUND
                      TK_IDENT shift-reduce 10     value ::= TK_IDENT
                   TK_LBRACKET shift-reduce 13     arr_open ::= TK_LBRACKET
                     TK_LBRACE shift-reduce 16     obj_open ::= TK_LBRACE
                     TK_LPAREN shift        1      
                         value shift        36     
                         array shift        36       /* because array==value */
                      arr_open shift        15     
                        object shift        36       /* because object==value */
                      obj_open shift        6      
                     condition shift-reduce 19     condition ::= condition TK_AND condition
                  match_clause shift-reduce 19     condition ::= condition TK_AND condition  /* because match_clause==condition */
                          expr shift        23     

State 5:
          value ::= * TK_NULL
          value ::= * TK_TRUE
          value ::= * TK_FALSE
          value ::= * TK_NUMBER
          value ::= * TK_NUMBER_N
          value ::= * TK_NUMBER_M
          value ::= * TK_NUMBER_L
          value ::= * TK_STRING
          value ::= * TK_BLOB
          value ::= * TK_UNBOUND
          value ::= * TK_IDENT
          value ::= * array
          array ::= * arr_open TK_RBRACKET
          array ::= * arr_open elements opt_comma TK_RBRACKET
          arr_open ::= * TK_LBRACKET
          value ::= * object
          object ::= * obj_open TK_RBRACE
          object ::= * obj_open entries opt_comma TK_RBRACE
          obj_open ::= * TK_LBRACE
          view_def ::= value TK_WHERE * condition
          condition ::= * match_clause
          condition ::= * condition TK_AND condition
          condition ::= * condition TK_OR condition
          condition ::= * TK_NOT condition
          condition ::= * TK_LPAREN condition TK_RPAREN
          match_clause ::= * value TK_IN value
          condition ::= * expr TK_EQ expr
          expr ::= * value
          expr ::= * expr TK_PLUS expr
          expr ::= * expr TK_MINUS expr
          expr ::= * expr TK_STAR expr
          expr ::= * expr TK_SLASH expr
          expr ::= * expr TK_CARET expr
          expr ::= * TK_MINUS expr
          expr ::= * TK_LPAREN expr TK_RPAREN

                        TK_NOT shift        2      
                      TK_MINUS shift        8      
                       TK_NULL shift-reduce 0      value ::= TK_NULL
                       TK_TRUE shift-reduce 1      value ::= TK_TRUE
                      TK_FALSE shift-reduce 2      value ::= TK_FALSE
                     TK_NUMBER shift-reduce 3      value ::= TK_NUMBER
                   TK_NUMBER_N shift-reduce 4      value ::= TK_NUMBER_N
                   TK_NUMBER_M shift-reduce 5      value ::= TK_NUMBER_M
                   TK_NUMBER_L shift-reduce 6      value ::= TK_NUMBER_L
                     TK_STRING shift-reduce 7      value ::= TK_STRING
                       TK_BLOB shift-reduce 8      value ::= TK_BLOB
                    TK_UNBOUND shift-reduce 9      value ::= TK_UNBOUND
                      TK_IDENT shift-reduce 10     value ::= TK_IDENT
                   TK_LBRACKET shift-reduce 13     arr_open ::= TK_LBRACKET
                     TK_LBRACE shift-reduce 16     obj_open ::= TK_LBRACE
                     TK_LPAREN shift        1      
                         value shift        36     
                         array shift        36       /* because array==value */
                      arr_open shift        15     
                        object shift        36       /* because object==value */
                      obj_open shift        6      
                     condition shift        29     
                  match_clause shift        29       /* because match_clause==condition */
                          expr shift        23     

State 6:
          value ::= * TK_NULL
          value ::= * TK_TRUE
          value ::= * TK_FALSE
          value ::= * TK_NUMBER
          value ::= * TK_NUMBER_N
          value ::= * TK_NUMBER_M
          value ::= * TK_NUMBER_L
          value ::= * TK_STRING
          value ::= * TK_BLOB
          value ::= * TK_UNBOUND
          value ::= * TK_IDENT
          value ::= * array
          array ::= * arr_open TK_RBRACKET
          array ::= * arr_open elements opt_comma TK_RBRACKET
          arr_open ::= * TK_LBRACKET
          value ::= * object
          object ::= * obj_open TK_RBRACE
          object ::= obj_open * TK_RBRACE
          object ::= * obj_open entries opt_comma TK_RBRACE
          object ::= obj_open * entries opt_comma TK_RBRACE
          obj_open ::= * TK_LBRACE
          entries ::= * entry
          entries ::= * entries TK_COMMA entry
          entry ::= * value TK_COLON value
          entry ::= * value
          entry ::= * value TK_COLON view_def

                       TK_NULL shift-reduce 0      value ::= TK_NULL
                       TK_TRUE shift-reduce 1      value ::= TK_TRUE
                      TK_FALSE shift-reduce 2      value ::= TK_FALSE
                     TK_NUMBER shift-reduce 3      value ::= TK_NUMBER
                   TK_NUMBER_N shift-reduce 4      value ::= TK_NUMBER_N
                   TK_NUMBER_M shift-reduce 5      value ::= TK_NUMBER_M
                   TK_NUMBER_L shift-reduce 6      value ::= TK_NUMBER_L
                     TK_STRING shift-reduce 7      value ::= TK_STRING
                       TK_BLOB shift-reduce 8      value ::= TK_BLOB
                    TK_UNBOUND shift-reduce 9      value ::= TK_UNBOUND
                      TK_IDENT shift-reduce 10     value ::= TK_IDENT
                   TK_LBRACKET shift-reduce 13     arr_open ::= TK_LBRACKET
                     TK_RBRACE shift-reduce 14     object ::= obj_open TK_RBRACE
                     TK_LBRACE shift-reduce 16     obj_open ::= TK_LBRACE
                         value shift        39     
                         array shift        39       /* because array==value */
                      arr_open shift        15     
                        object shift        39       /* because object==value */
                      obj_open shift        6      
                       entries shift        20     
                         entry shift        20       /* because entry==entries */

State 7:
          value ::= * TK_NULL
          value ::= * TK_TRUE
          value ::= * TK_FALSE
          value ::= * TK_NUMBER
          value ::= * TK_NUMBER_N
          value ::= * TK_NUMBER_M
          value ::= * TK_NUMBER_L
          value ::= * TK_STRING
          value ::= * TK_BLOB
          value ::= * TK_UNBOUND
          value ::= * TK_IDENT
          value ::= * array
          array ::= * arr_open TK_RBRACKET
          array ::= * arr_open elements opt_comma TK_RBRACKET
          arr_open ::= * TK_LBRACKET
          value ::= * object
          object ::= * obj_open TK_RBRACE
          object ::= * obj_open entries opt_comma TK_RBRACE
          obj_open ::= * TK_LBRACE
          expr ::= * value
          expr ::= * expr TK_PLUS expr
          expr ::= * expr TK_MINUS expr
          expr ::= * expr TK_STAR expr
          expr ::= * expr TK_SLASH expr
          expr ::= * expr TK_CARET expr
          expr ::= * TK_MINUS expr
          expr ::= * TK_LPAREN expr TK_RPAREN
          expr ::= TK_LPAREN * expr TK_RPAREN

                      TK_MINUS shift        8      
                       TK_NULL shift-reduce 0      value ::= TK_NULL
                       TK_TRUE shift-reduce 1      value ::= TK_TRUE
                      TK_FALSE shift-reduce 2      value ::= TK_FALSE
                     TK_NUMBER shift-reduce 3      value ::= TK_NUMBER
                   TK_NUMBER_N shift-reduce 4      value ::= TK_NUMBER_N
                   TK_NUMBER_M shift-reduce 5      value ::= TK_NUMBER_M
                   TK_NUMBER_L shift-reduce 6      value ::= TK_NUMBER_L
                     TK_STRING shift-reduce 7      value ::= TK_STRING
                       TK_BLOB shift-reduce 8      value ::= TK_BLOB
                    TK_UNBOUND shift-reduce 9      value ::= TK_UNBOUND
                      TK_IDENT shift-reduce 10     value ::= TK_IDENT
                   TK_LBRACKET shift-reduce 13     arr_open ::= TK_LBRACKET
                     TK_LBRACE shift-reduce 16     obj_open ::= TK_LBRACE
                     TK_LPAREN shift        7      
                         value shift        24       /* because value==expr */
                         array shift        24       /* because array==value */
                      arr_open shift        15     
                        object shift        24       /* because object==value */
                      obj_open shift        6      
                          expr shift        24     

State 8:
          value ::= * TK_NULL
          value ::= * TK_TRUE
          value ::= * TK_FALSE
          value ::= * TK_NUMBER
          value ::= * TK_NUMBER_N
          value ::= * TK_NUMBER_M
          value ::= * TK_NUMBER_L
          value ::= * TK_STRING
          value ::= * TK_BLOB
          value ::= * TK_UNBOUND
          value ::= * TK_IDENT
          value ::= * array
          array ::= * arr_open TK_RBRACKET
          array ::= * arr_open elements opt_comma TK_RBRACKET
          arr_open ::= * TK_LBRACKET
          value ::= * object
          object ::= * obj_open TK_RBRACE
          object ::= * obj_open entries opt_comma TK_RBRACE
          obj_open ::= * TK_LBRACE
          expr ::= * value
          expr ::= * expr TK_PLUS expr
          expr ::= * expr TK_MINUS expr
          expr ::= * expr TK_STAR expr
          expr ::= * expr TK_SLASH expr
          expr ::= * expr TK_CARET expr
          expr ::= * TK_MINUS expr
          expr ::= TK_MINUS * expr
          expr ::= * TK_LPAREN expr TK_RPAREN

                      TK_MINUS shift        8      
                       TK_NULL shift-reduce 0      value ::= TK_NULL
                       TK_TRUE shift-reduce 1      value ::= TK_TRUE
                      TK_FALSE shift-reduce 2      value ::= TK_FALSE
                     TK_NUMBER shift-reduce 3      value ::= TK_NUMBER
                   TK_NUMBER_N shift-reduce 4      value ::= TK_NUMBER_N
                   TK_NUMBER_M shift-reduce 5      value ::= TK_NUMBER_M
                   TK_NUMBER_L shift-reduce 6      value ::= TK_NUMBER_L
                     TK_STRING shift-reduce 7      value ::= TK_STRING
                       TK_BLOB shift-reduce 8      value ::= TK_BLOB
                    TK_UNBOUND shift-reduce 9      value ::= TK_UNBOUND
                      TK_IDENT shift-reduce 10     value ::= TK_IDENT
                   TK_LBRACKET shift-reduce 13     arr_open ::= TK_LBRACKET
                     TK_LBRACE shift-reduce 16     obj_open ::= TK_LBRACE
                     TK_LPAREN shift        7      
                         value shift        32       /* because value==expr */
                         array shift        32       /* because array==value */
                      arr_open shift        15     
                        object shift        32       /* because object==value */
                      obj_open shift        6      
                          expr shift        32     

State 9:
          value ::= * TK_NULL
          value ::= * TK_TRUE
          value ::= * TK_FALSE
          value ::= * TK_NUMBER
          value ::= * TK_NUMBER_N
          value ::= * TK_NUMBER_M
          value ::= * TK_NUMBER_L
          value ::= * TK_STRING
          value ::= * TK_BLOB
          value ::= * TK_UNBOUND
          value ::= * TK_IDENT
          value ::= * array
          array ::= * arr_open TK_RBRACKET
          array ::= * arr_open elements opt_comma TK_RBRACKET
          arr_open ::= * TK_LBRACKET
          value ::= * object
          object ::= * obj_open TK_RBRACE
          object ::= * obj_open entries opt_comma TK_RBRACE
          obj_open ::= * TK_LBRACE
          expr ::= * value
          expr ::= * expr TK_PLUS expr
          expr ::= * expr TK_MINUS expr
          expr ::= * expr TK_STAR expr
          expr ::= * expr TK_SLASH expr
          expr ::= * expr TK_CARET expr
          expr ::= expr TK_CARET * expr
          expr ::= * TK_MINUS expr
          expr ::= * TK_LPAREN expr TK_RPAREN

                      TK_MINUS shift        8      
                       TK_NULL shift-reduce 0      value ::= TK_NULL
                       TK_TRUE shift-reduce 1      value ::= TK_TRUE
                      TK_FALSE shift-reduce 2      value ::= TK_FALSE
                     TK_NUMBER shift-reduce 3      value ::= TK_NUMBER
                   TK_NUMBER_N shift-reduce 4      value ::= TK_NUMBER_N
                   TK_NUMBER_M shift-reduce 5      value ::= TK_NUMBER_M
                   TK_NUMBER_L shift-reduce 6      value ::= TK_NUMBER_L
                     TK_STRING shift-reduce 7      value ::= TK_STRING
                       TK_BLOB shift-reduce 8      value ::= TK_BLOB
                    TK_UNBOUND shift-reduce 9      value ::= TK_UNBOUND
                      TK_IDENT shift-reduce 10     value ::= TK_IDENT
                   TK_LBRACKET shift-reduce 13     arr_open ::= TK_LBRACKET
                     TK_LBRACE shift-reduce 16     obj_open ::= TK_LBRACE
                     TK_LPAREN shift        7      
                         value shift        33       /* because value==expr */
                         array shift        33       /* because array==value */
                      arr_open shift        15     
                        object shift        33       /* because object==value */
                      obj_open shift        6      
                          expr shift        33     

State 10:
          value ::= * TK_NULL
          value ::= * TK_TRUE
          value ::= * TK_FALSE
          value ::= * TK_NUMBER
          value ::= * TK_NUMBER_N
          value ::= * TK_NUMBER_M
          value ::= * TK_NUMBER_L
          value ::= * TK_STRING
          value ::= * TK_BLOB
          value ::= * TK_UNBOUND
          value ::= * TK_IDENT
          value ::= * array
          array ::= * arr_open TK_RBRACKET
          array ::= * arr_open elements opt_comma TK_RBRACKET
          arr_open ::= * TK_LBRACKET
          value ::= * object
          object ::= * obj_open TK_RBRACE
          object ::= * obj_open entries opt_comma TK_RBRACE
          obj_open ::= * TK_LBRACE
          expr ::= * value
          expr ::= * expr TK_PLUS expr
          expr ::= * expr TK_MINUS expr
          expr ::= * expr TK_STAR expr
          expr ::= * expr TK_SLASH expr
          expr ::= expr TK_SLASH * expr
          expr ::= * expr TK_CARET expr
          expr ::= * TK_MINUS expr
          expr ::= * TK_LPAREN expr TK_RPAREN

                      TK_MINUS shift        8      
                       TK_NULL shift-reduce 0      value ::= TK_NULL
                       TK_TRUE shift-reduce 1      value ::= TK_TRUE
                      TK_FALSE shift-reduce 2      value ::= TK_FALSE
                     TK_NUMBER shift-reduce 3      value ::= TK_NUMBER
                   TK_NUMBER_N shift-reduce 4      value ::= TK_NUMBER_N
                   TK_NUMBER_M shift-reduce 5      value ::= TK_NUMBER_M
                   TK_NUMBER_L shift-reduce 6      value ::= TK_NUMBER_L
                     TK_STRING shift-reduce 7      value ::= TK_STRING
                       TK_BLOB shift-reduce 8      value ::= TK_BLOB
                    TK_UNBOUND shift-reduce 9      value ::= TK_UNBOUND
                      TK_IDENT shift-reduce 10     value ::= TK_IDENT
                   TK_LBRACKET shift-reduce 13     arr_open ::= TK_LBRACKET
                     TK_LBRACE shift-reduce 16     obj_open ::= TK_LBRACE
                     TK_LPAREN shift        7      
                         value shift        34       /* because value==expr */
                         array shift        34       /* because array==value */
                      arr_open shift        15     
                        object shift        34       /* because object==value */
                      obj_open shift        6      
                          expr shift        34     

State 11:
          value ::= * TK_NULL
          value ::= * TK_TRUE
          value ::= * TK_FALSE
          value ::= * TK_NUMBER
          value ::= * TK_NUMBER_N
          value ::= * TK_NUMBER_M
          value ::= * TK_NUMBER_L
          value ::= * TK_STRING
          value ::= * TK_BLOB
          value ::= * TK_UNBOUND
          value ::= * TK_IDENT
          value ::= * array
          array ::= * arr_open TK_RBRACKET
          array ::= * arr_open elements opt_comma TK_RBRACKET
          arr_open ::= * TK_LBRACKET
          value ::= * object
          object ::= * obj_open TK_RBRACE
          object ::= * obj_open entries opt_comma TK_RBRACE
          obj_open ::= * TK_LBRACE
          expr ::= * value
          expr ::= * expr TK_PLUS expr
          expr ::= * expr TK_MINUS expr
          expr ::= * expr TK_STAR expr
          expr ::= expr TK_STAR * expr
          expr ::= * expr TK_SLASH expr
          expr ::= * expr TK_CARET expr
          expr ::= * TK_MINUS expr
          expr ::= * TK_LPAREN expr TK_RPAREN

                      TK_MINUS shift        8      
                       TK_NULL shift-reduce 0      value ::= TK_NULL
                       TK_TRUE shift-reduce 1      value ::= TK_TRUE
                      TK_FALSE shift-reduce 2      value ::= TK_FALSE
                     TK_NUMBER shift-reduce 3      value ::= TK_NUMBER
                   TK_NUMBER_N shift-reduce 4      value ::= TK_NUMBER_N
                   TK_NUMBER_M shift-reduce 5      value ::= TK_NUMBER_M
                   TK_NUMBER_L shift-reduce 6      value ::= TK_NUMBER_L
                     TK_STRING shift-reduce 7      value ::= TK_STRING
                       TK_BLOB shift-reduce 8      value ::= TK_BLOB
                    TK_UNBOUND shift-reduce 9      value ::= TK_UNBOUND
                      TK_IDENT shift-reduce 10     value ::= TK_IDENT
                   TK_LBRACKET shift-reduce 13     arr_open ::= TK_LBRACKET
                     TK_LBRACE shift-reduce 16     obj_open ::= TK_LBRACE
                     TK_LPAREN shift        7      
                         value shift        35       /* because value==expr */
                         array shift        35       /* because array==value */
                      arr_open shift        15     
                        object shift        35       /* because object==value */
                      obj_open shift        6      
                          expr shift        35     

State 12:
          value ::= * TK_NULL
          value ::= * TK_TRUE
          value ::= * TK_FALSE
          value ::= * TK_NUMBER
          value ::= * TK_NUMBER_N
          value ::= * TK_NUMBER_M
          value ::= * TK_NUMBER_L
          value ::= * TK_STRING
          value ::= * TK_BLOB
          value ::= * TK_UNBOUND
          value ::= * TK_IDENT
          value ::= * array
          array ::= * arr_open TK_RBRACKET
          array ::= * arr_open elements opt_comma TK_RBRACKET
          arr_open ::= * TK_LBRACKET
          value ::= * object
          object ::= * obj_open TK_RBRACE
          object ::= * obj_open entries opt_comma TK_RBRACE
          obj_open ::= * TK_LBRACE
          expr ::= * value
          expr ::= * expr TK_PLUS expr
          expr ::= * expr TK_MINUS expr
          expr ::= expr TK_MINUS * expr
          expr ::= * expr TK_STAR expr
          expr ::= * expr TK_SLASH expr
          expr ::= * expr TK_CARET expr
          expr ::= * TK_MINUS expr
          expr ::= * TK_LPAREN expr TK_RPAREN

                      TK_MINUS shift        8      
                       TK_NULL shift-reduce 0      value ::= TK_NULL
                       TK_TRUE shift-reduce 1      value ::= TK_TRUE
                      TK_FALSE shift-reduce 2      value ::= TK_FALSE
                     TK_NUMBER shift-reduce 3      value ::= TK_NUMBER
                   TK_NUMBER_N shift-reduce 4      value ::= TK_NUMBER_N
                   TK_NUMBER_M shift-reduce 5      value ::= TK_NUMBER_M
                   TK_NUMBER_L shift-reduce 6      value ::= TK_NUMBER_L
                     TK_STRING shift-reduce 7      value ::= TK_STRING
                       TK_BLOB shift-reduce 8      value ::= TK_BLOB
                    TK_UNBOUND shift-reduce 9      value ::= TK_UNBOUND
                      TK_IDENT shift-reduce 10     value ::= TK_IDENT
                   TK_LBRACKET shift-reduce 13     arr_open ::= TK_LBRACKET
                     TK_LBRACE shift-reduce 16     obj_open ::= TK_LBRACE
                     TK_LPAREN shift        7      
                         value shift        26       /* because value==expr */
                         array shift        26       /* because array==value */
                      arr_open shift        15     
                        object shift        26       /* because object==value */
                      obj_open shift        6      
                          expr shift        26     

State 13:
          value ::= * TK_NULL
          value ::= * TK_TRUE
          value ::= * TK_FALSE
          value ::= * TK_NUMBER
          value ::= * TK_NUMBER_N
          value ::= * TK_NUMBER_M
          value ::= * TK_NUMBER_L
          value ::= * TK_STRING
          value ::= * TK_BLOB
          value ::= * TK_UNBOUND
          value ::= * TK_IDENT
          value ::= * array
          array ::= * arr_open TK_RBRACKET
          array ::= * arr_open elements opt_comma TK_RBRACKET
          arr_open ::= * TK_LBRACKET
          value ::= * object
          object ::= * obj_open TK_RBRACE
          object ::= * obj_open entries opt_comma TK_RBRACE
          obj_open ::= * TK_LBRACE
          expr ::= * value
          expr ::= * expr TK_PLUS expr
          expr ::= expr TK_PLUS * expr
          expr ::= * expr TK_MINUS expr
          expr ::= * expr TK_STAR expr
          expr ::= * expr TK_SLASH expr
          expr ::= * expr TK_CARET expr
          expr ::= * TK_MINUS expr
          expr ::= * TK_LPAREN expr TK_RPAREN

                      TK_MINUS shift        8      
                       TK_NULL shift-reduce 0      value ::= TK_NULL
                       TK_TRUE shift-reduce 1      value ::= TK_TRUE
                      TK_FALSE shift-reduce 2      value ::= TK_FALSE
                     TK_NUMBER shift-reduce 3      value ::= TK_NUMBER
                   TK_NUMBER_N shift-reduce 4      value ::= TK_NUMBER_N
                   TK_NUMBER_M shift-reduce 5      value ::= TK_NUMBER_M
                   TK_NUMBER_L shift-reduce 6      value ::= TK_NUMBER_L
                     TK_STRING shift-reduce 7      value ::= TK_STRING
                       TK_BLOB shift-reduce 8      value ::= TK_BLOB
                    TK_UNBOUND shift-reduce 9      value ::= TK_UNBOUND
                      TK_IDENT shift-reduce 10     value ::= TK_IDENT
                   TK_LBRACKET shift-reduce 13     arr_open ::= TK_LBRACKET
                     TK_LBRACE shift-reduce 16     obj_open ::= TK_LBRACE
                     TK_LPAREN shift        7      
                         value shift        27       /* because value==expr */
                         array shift        27       /* because array==value */
                      arr_open shift        15     
                        object shift        27       /* because object==value */
                      obj_open shift        6      
                          expr shift        27     

State 14:
          value ::= * TK_NULL
          value ::= * TK_TRUE
          value ::= * TK_FALSE
          value ::= * TK_NUMBER
          value ::= * TK_NUMBER_N
          value ::= * TK_NUMBER_M
          value ::= * TK_NUMBER_L
          value ::= * TK_STRING
          value ::= * TK_BLOB
          value ::= * TK_UNBOUND
          value ::= * TK_IDENT
          value ::= * array
          array ::= * arr_open TK_RBRACKET
          array ::= * arr_open elements opt_comma TK_RBRACKET
          arr_open ::= * TK_LBRACKET
          value ::= * object
          object ::= * obj_open TK_RBRACE
          object ::= * obj_open entries opt_comma TK_RBRACE
          obj_open ::= * TK_LBRACE
          condition ::= expr TK_EQ * expr
          expr ::= * value
          expr ::= * expr TK_PLUS expr
          expr ::= * expr TK_MINUS expr
          expr ::= * expr TK_STAR expr
          expr ::= * expr TK_SLASH expr
          expr ::= * expr TK_CARET expr
          expr ::= * TK_MINUS expr
          expr ::= * TK_LPAREN expr TK_RPAREN

                      TK_MINUS shift        8      
                       TK_NULL shift-reduce 0      value ::= TK_NULL
                       TK_TRUE shift-reduce 1      value ::= TK_TRUE
                      TK_FALSE shift-reduce 2      value ::= TK_FALSE
                     TK_NUMBER shift-reduce 3      value ::= TK_NUMBER
                   TK_NUMBER_N shift-reduce 4      value ::= TK_NUMBER_N
                   TK_NUMBER_M shift-reduce 5      value ::= TK_NUMBER_M
                   TK_NUMBER_L shift-reduce 6      value ::= TK_NUMBER_L
                     TK_STRING shift-reduce 7      value ::= TK_STRING
                       TK_BLOB shift-reduce 8      value ::= TK_BLOB
                    TK_UNBOUND shift-reduce 9      value ::= TK_UNBOUND
                      TK_IDENT shift-reduce 10     value ::= TK_IDENT
                   TK_LBRACKET shift-reduce 13     arr_open ::= TK_LBRACKET
                     TK_LBRACE shift-reduce 16     obj_open ::= TK_LBRACE
                     TK_LPAREN shift        7      
                         value shift        25       /* because value==expr */
                         array shift        25       /* because array==value */
                      arr_open shift        15     
                        object shift        25       /* because object==value */
                      obj_open shift        6      
                          expr shift        25     

State 15:
          value ::= * TK_NULL
          value ::= * TK_TRUE
          value ::= * TK_FALSE
          value ::= * TK_NUMBER
          value ::= * TK_NUMBER_N
          value ::= * TK_NUMBER_M
          value ::= * TK_NUMBER_L
          value ::= * TK_STRING
          value ::= * TK_BLOB
          value ::= * TK_UNBOUND
          value ::= * TK_IDENT
          value ::= * array
          array ::= * arr_open TK_RBRACKET
          array ::= arr_open * TK_RBRACKET
          array ::= * arr_open elements opt_comma TK_RBRACKET
          array ::= arr_open * elements opt_comma TK_RBRACKET
          arr_open ::= * TK_LBRACKET
          elements ::= * value
          elements ::= * elements TK_COMMA value
          value ::= * object
          object ::= * obj_open TK_RBRACE
          object ::= * obj_open entries opt_comma TK_RBRACE
          obj_open ::= * TK_LBRACE

                       TK_NULL shift-reduce 0      value ::= TK_NULL
                       TK_TRUE shift-reduce 1      value ::= TK_TRUE
                      TK_FALSE shift-reduce 2      value ::= TK_FALSE
                     TK_NUMBER shift-reduce 3      value ::= TK_NUMBER
                   TK_NUMBER_N shift-reduce 4      value ::= TK_NUMBER_N
                   TK_NUMBER_M shift-reduce 5      value ::= TK_NUMBER_M
                   TK_NUMBER_L shift-reduce 6      value ::= TK_NUMBER_L
                     TK_STRING shift-reduce 7      value ::= TK_STRING
                       TK_BLOB shift-reduce 8      value ::= TK_BLOB
                    TK_UNBOUND shift-reduce 9      value ::= TK_UNBOUND
                      TK_IDENT shift-reduce 10     value ::= TK_IDENT
                   TK_RBRACKET shift-reduce 11     array ::= arr_open TK_RBRACKET
                   TK_LBRACKET shift-reduce 13     arr_open ::= TK_LBRACKET
                     TK_LBRACE shift-reduce 16     obj_open ::= TK_LBRACE
                         value shift        21       /* because value==elements */
                         array shift        21       /* because array==value */
                      arr_open shift        15     
                      elements shift        21     
                        object shift        21       /* because object==value */
                      obj_open shift        6      

State 16:
          value ::= * TK_NULL
          value ::= * TK_TRUE
          value ::= * TK_FALSE
          value ::= * TK_NUMBER
          value ::= * TK_NUMBER_N
          value ::= * TK_NUMBER_M
          value ::= * TK_NUMBER_L
          value ::= * TK_STRING
          value ::= * TK_BLOB
          value ::= * TK_UNBOUND
          value ::= * TK_IDENT
          value ::= * array
          array ::= * arr_open TK_RBRACKET
          array ::= * arr_open elements opt_comma TK_RBRACKET
          arr_open ::= * TK_LBRACKET
          value ::= * object
          object ::= * obj_open TK_RBRACE
          object ::= * obj_open entries opt_comma TK_RBRACE
          obj_open ::= * TK_LBRACE
          entry ::= value TK_COLON * value
          entry ::= value TK_COLON * view_def
          view_def ::= * value TK_WHERE condition

                       TK_NULL shift-reduce 0      value ::= TK_NULL
                       TK_TRUE shift-reduce 1      value ::= TK_TRUE
                      TK_FALSE shift-reduce 2      value ::= TK_FALSE
                     TK_NUMBER shift-reduce 3      value ::= TK_NUMBER
                   TK_NUMBER_N shift-reduce 4      value ::= TK_NUMBER_N
                   TK_NUMBER_M shift-reduce 5      value ::= TK_NUMBER_M
                   TK_NUMBER_L shift-reduce 6      value ::= TK_NUMBER_L
                     TK_STRING shift-reduce 7      value ::= TK_STRING
                       TK_BLOB shift-reduce 8      value ::= TK_BLOB
                    TK_UNBOUND shift-reduce 9      value ::= TK_UNBOUND
                      TK_IDENT shift-reduce 10     value ::= TK_IDENT
                   TK_LBRACKET shift-reduce 13     arr_open ::= TK_LBRACKET
                     TK_LBRACE shift-reduce 16     obj_open ::= TK_LBRACE
                         value shift        38     
                      view_def shift-reduce 39     entry ::= value TK_COLON view_def
                         array shift        38       /* because array==value */
                      arr_open shift        15     
                        object shift        38       /* because object==value */
                      obj_open shift        6      

State 17:
          value ::= * TK_NULL
          value ::= * TK_TRUE
          value ::= * TK_FALSE
          value ::= * TK_NUMBER
          value ::= * TK_NUMBER_N
          value ::= * TK_NUMBER_M
          value ::= * TK_NUMBER_L
          value ::= * TK_STRING
          value ::= * TK_BLOB
          value ::= * TK_UNBOUND
          value ::= * TK_IDENT
          value ::= * array
          array ::= * arr_open TK_RBRACKET
          array ::= * arr_open elements opt_comma TK_RBRACKET
          arr_open ::= * TK_LBRACKET
          value ::= * object
          object ::= * obj_open TK_RBRACE
          object ::= * obj_open entries opt_comma TK_RBRACE
          obj_open ::= * TK_LBRACE
          entries ::= entries TK_COMMA * entry
          entry ::= * value TK_COLON value
          entry ::= * value
          entry ::= * value TK_COLON view_def
     (41) opt_comma ::= TK_COMMA *

                       TK_NULL shift-reduce 0      value ::= TK_NULL
                       TK_TRUE shift-reduce 1      value ::= TK_TRUE
                      TK_FALSE shift-reduce 2      value ::= TK_FALSE
                     TK_NUMBER shift-reduce 3      value ::= TK_NUMBER
                   TK_NUMBER_N shift-reduce 4      value ::= TK_NUMBER_N
                   TK_NUMBER_M shift-reduce 5      value ::= TK_NUMBER_M
                   TK_NUMBER_L shift-reduce 6      value ::= TK_NUMBER_L
                     TK_STRING shift-reduce 7      value ::= TK_STRING
                       TK_BLOB shift-reduce 8      value ::= TK_BLOB
                    TK_UNBOUND shift-reduce 9      value ::= TK_UNBOUND
                      TK_IDENT shift-reduce 10     value ::= TK_IDENT
                   TK_LBRACKET shift-reduce 13     arr_open ::= TK_LBRACKET
                     TK_LBRACE shift-reduce 16     obj_open ::= TK_LBRACE
                         value shift        39     
                         array shift        39       /* because array==value */
                      arr_open shift        15     
                        object shift        39       /* because object==value */
                      obj_open shift        6      
                         entry shift-reduce 37     entries ::= entries TK_COMMA entry
                     {default} reduce       41     opt_comma ::= TK_COMMA

State 18:
          value ::= * TK_NULL
          value ::= * TK_TRUE
          value ::= * TK_FALSE
          value ::= * TK_NUMBER
          value ::= * TK_NUMBER_N
          value ::= * TK_NUMBER_M
          value ::= * TK_NUMBER_L
          value ::= * TK_STRING
          value ::= * TK_BLOB
          value ::= * TK_UNBOUND
          value ::= * TK_IDENT
          value ::= * array
          array ::= * arr_open TK_RBRACKET
          array ::= * arr_open elements opt_comma TK_RBRACKET
          arr_open ::= * TK_LBRACKET
          value ::= * object
          object ::= * obj_open TK_RBRACE
          object ::= * obj_open entries opt_comma TK_RBRACE
          obj_open ::= * TK_LBRACE
          match_clause ::= value TK_IN * value

                       TK_NULL shift-reduce 0      value ::= TK_NULL
                       TK_TRUE shift-reduce 1      value ::= TK_TRUE
                      TK_FALSE shift-reduce 2      value ::= TK_FALSE
                     TK_NUMBER shift-reduce 3      value ::= TK_NUMBER
                   TK_NUMBER_N shift-reduce 4      value ::= TK_NUMBER_N
                   TK_NUMBER_M shift-reduce 5      value ::= TK_NUMBER_M
                   TK_NUMBER_L shift-reduce 6      value ::= TK_NUMBER_L
                     TK_STRING shift-reduce 7      value ::= TK_STRING
                       TK_BLOB shift-reduce 8      value ::= TK_BLOB
                    TK_UNBOUND shift-reduce 9      value ::= TK_UNBOUND
                      TK_IDENT shift-reduce 10     value ::= TK_IDENT
                   TK_LBRACKET shift-reduce 13     arr_open ::= TK_LBRACKET
                     TK_LBRACE shift-reduce 16     obj_open ::= TK_LBRACE
                         value shift-reduce 22     match_clause ::= value TK_IN value
                         array shift-reduce 22     match_clause ::= value TK_IN value  /* because array==value */
                      arr_open shift        15     
                        object shift-reduce 22     match_clause ::= value TK_IN value  /* because object==value */
                      obj_open shift        6      

State 19:
          value ::= * TK_NULL
          value ::= * TK_TRUE
          value ::= * TK_FALSE
          value ::= * TK_NUMBER
          value ::= * TK_NUMBER_N
          value ::= * TK_NUMBER_M
          value ::= * TK_NUMBER_L
          value ::= * TK_STRING
          value ::= * TK_BLOB
          value ::= * TK_UNBOUND
          value ::= * TK_IDENT
          value ::= * array
          array ::= * arr_open TK_RBRACKET
          array ::= * arr_open elements opt_comma TK_RBRACKET
          arr_open ::= * TK_LBRACKET
          elements ::= elements TK_COMMA * value
          value ::= * object
          object ::= * obj_open TK_RBRACE
          object ::= * obj_open entries opt_comma TK_RBRACE
          obj_open ::= * TK_LBRACE
     (41) opt_comma ::= TK_COMMA *

                       TK_NULL shift-reduce 0      value ::= TK_NULL
                       TK_TRUE shift-reduce 1      value ::= TK_TRUE
                      TK_FALSE shift-reduce 2      value ::= TK_FALSE
                     TK_NUMBER shift-reduce 3      value ::= TK_NUMBER
                   TK_NUMBER_N shift-reduce 4      value ::= TK_NUMBER_N
                   TK_NUMBER_M shift-reduce 5      value ::= TK_NUMBER_M
                   TK_NUMBER_L shift-reduce 6      value ::= TK_NUMBER_L
                     TK_STRING shift-reduce 7      value ::= TK_STRING
                       TK_BLOB shift-reduce 8      value ::= TK_BLOB
                    TK_UNBOUND shift-reduce 9      value ::= TK_UNBOUND
                      TK_IDENT shift-reduce 10     value ::= TK_IDENT
                   TK_LBRACKET shift-reduce 13     arr_open ::= TK_LBRACKET
                     TK_LBRACE shift-reduce 16     obj_open ::= TK_LBRACE
                         value shift-reduce 34     elements ::= elements TK_COMMA value
                         array shift-reduce 34     elements ::= elements TK_COMMA value  /* because array==value */
                      arr_open shift        15     
                        object shift-reduce 34     elements ::= elements TK_COMMA value  /* because object==value */
                      obj_open shift        6      
                     {default} reduce       41     opt_comma ::= TK_COMMA

State 20:
          object ::= obj_open entries * opt_comma TK_RBRACE
          entries ::= entries * TK_COMMA entry
     (40) opt_comma ::= *
          opt_comma ::= * TK_COMMA

                      TK_COMMA shift        17     
                     opt_comma shift        40     
                     {default} reduce       40     opt_comma ::=

State 21:
          array ::= arr_open elements * opt_comma TK_RBRACKET
          elements ::= elements * TK_COMMA value
     (40) opt_comma ::= *
          opt_comma ::= * TK_COMMA

                      TK_COMMA shift        19     
                     opt_comma shift        41     
                     {default} reduce       40     opt_comma ::=

State 22:
          condition ::= expr * TK_EQ expr
          expr ::= expr * TK_PLUS expr
          expr ::= expr * TK_MINUS expr
          expr ::= expr * TK_STAR expr
          expr ::= expr * TK_SLASH expr
          expr ::= expr * TK_CARET expr
          expr ::= TK_LPAREN expr * TK_RPAREN

                         TK_EQ shift        14     
                       TK_PLUS shift        13     
                      TK_MINUS shift        12     
                       TK_STAR shift        11     
                      TK_SLASH shift        10     
                      TK_CARET shift        9      
                     TK_RPAREN shift-reduce 45     expr ::= TK_LPAREN expr TK_RPAREN

State 23:
          condition ::= expr * TK_EQ expr
          expr ::= expr * TK_PLUS expr
          expr ::= expr * TK_MINUS expr
          expr ::= expr * TK_STAR expr
          expr ::= expr * TK_SLASH expr
          expr ::= expr * TK_CARET expr

                         TK_EQ shift        14     
                       TK_PLUS shift        13     
                      TK_MINUS shift        12     
                       TK_STAR shift        11     
                      TK_SLASH shift        10     
                      TK_CARET shift        9      

State 24:
          expr ::= expr * TK_PLUS expr
          expr ::= expr * TK_MINUS expr
          expr ::= expr * TK_STAR expr
          expr ::= expr * TK_SLASH expr
          expr ::= expr * TK_CARET expr
          expr ::= TK_LPAREN expr * TK_RPAREN

                       TK_PLUS shift        13     
                      TK_MINUS shift        12     
                       TK_STAR shift        11     
                      TK_SLASH shift        10     
                      TK_CARET shift        9      
                     TK_RPAREN shift-reduce 45     expr ::= TK_LPAREN expr TK_RPAREN

State 25:
     (23) condition ::= expr TK_EQ expr *
          expr ::= expr * TK_PLUS expr
          expr ::= expr * TK_MINUS expr
          expr ::= expr * TK_STAR expr
          expr ::= expr * TK_SLASH expr
          expr ::= expr * TK_CARET expr

                       TK_PLUS shift        13     
                      TK_MINUS shift        12     
                       TK_STAR shift        11     
                      TK_SLASH shift        10     
                      TK_CARET shift        9      
                     {default} reduce       23     condition ::= expr TK_EQ expr

State 26:
          expr ::= expr * TK_PLUS expr
          expr ::= expr * TK_MINUS expr
     (25) expr ::= expr TK_MINUS expr *
          expr ::= expr * TK_STAR expr
          expr ::= expr * TK_SLASH expr
          expr ::= expr * TK_CARET expr

                       TK_STAR shift        11     
                      TK_SLASH shift        10     
                      TK_CARET shift        9      
                     {default} reduce       25     expr ::= expr TK_MINUS expr

State 27:
          expr ::= expr * TK_PLUS expr
     (24) expr ::= expr TK_PLUS expr *
          expr ::= expr * TK_MINUS expr
          expr ::= expr * TK_STAR expr
          expr ::= expr * TK_SLASH expr
          expr ::= expr * TK_CARET expr

                       TK_STAR shift        11     
                      TK_SLASH shift        10     
                      TK_CARET shift        9      
                     {default} reduce       24     expr ::= expr TK_PLUS expr

State 28:
          condition ::= condition * TK_AND condition
          condition ::= condition * TK_OR condition
          condition ::= TK_LPAREN condition * TK_RPAREN

                         TK_OR shift        3      
                        TK_AND shift        4      
                     TK_RPAREN shift-reduce 43     condition ::= TK_LPAREN condition TK_RPAREN

State 29:
     (18) view_def ::= value TK_WHERE condition *
          condition ::= condition * TK_AND condition
          condition ::= condition * TK_OR condition

                         TK_OR shift        3      
                        TK_AND shift        4      
                     {default} reduce       18     view_def ::= value TK_WHERE condition

State 30:
     (30) input ::= value *
          view_def ::= value * TK_WHERE condition

                             $ reduce       30     input ::= value
                      TK_WHERE shift        5      

State 31:
     (31) input ::= view_def *

                             $ reduce       31     input ::= view_def

State 32:
          expr ::= expr * TK_PLUS expr
          expr ::= expr * TK_MINUS expr
          expr ::= expr * TK_STAR expr
          expr ::= expr * TK_SLASH expr
          expr ::= expr * TK_CARET expr
     (29) expr ::= TK_MINUS expr *

                      TK_CARET shift        9      
                     {default} reduce       29     expr ::= TK_MINUS expr

State 33:
          expr ::= expr * TK_PLUS expr
          expr ::= expr * TK_MINUS expr
          expr ::= expr * TK_STAR expr
          expr ::= expr * TK_SLASH expr
          expr ::= expr * TK_CARET expr
     (28) expr ::= expr TK_CARET expr *

                      TK_CARET shift        9      
                     {default} reduce       28     expr ::= expr TK_CARET expr

State 34:
          expr ::= expr * TK_PLUS expr
          expr ::= expr * TK_MINUS expr
          expr ::= expr * TK_STAR expr
          expr ::= expr * TK_SLASH expr
     (27) expr ::= expr TK_SLASH expr *
          expr ::= expr * TK_CARET expr

                      TK_CARET shift        9      
                     {default} reduce       27     expr ::= expr TK_SLASH expr

State 35:
          expr ::= expr * TK_PLUS expr
          expr ::= expr * TK_MINUS expr
          expr ::= expr * TK_STAR expr
     (26) expr ::= expr TK_STAR expr *
          expr ::= expr * TK_SLASH expr
          expr ::= expr * TK_CARET expr

                      TK_CARET shift        9      
                     {default} reduce       26     expr ::= expr TK_STAR expr

State 36:
          match_clause ::= value * TK_IN value
     (44) expr ::= value *

                         TK_IN shift        18     
                     {default} reduce       44     expr ::= value

State 37:
          condition ::= condition * TK_AND condition
          condition ::= condition * TK_OR condition
     (20) condition ::= condition TK_OR condition *

                        TK_AND shift        4      
                     {default} reduce       20     condition ::= condition TK_OR condition

State 38:
     (38) entry ::= value TK_COLON value *
          view_def ::= value * TK_WHERE condition

                      TK_WHERE shift        5      
                     {default} reduce       38     entry ::= value TK_COLON value

State 39:
          entry ::= value * TK_COLON value
     (17) entry ::= value *
          entry ::= value * TK_COLON view_def

                      TK_COLON shift        16     
                     {default} reduce       17     entry ::= value

State 40:
          object ::= obj_open entries opt_comma * TK_RBRACE

                     TK_RBRACE shift-reduce 15     object ::= obj_open entries opt_comma TK_RBRACE

State 41:
          array ::= arr_open elements opt_comma * TK_RBRACKET

                   TK_RBRACKET shift-reduce 12     array ::= arr_open elements opt_comma TK_RBRACKET

----------------------------------------------------
Symbols:
The first-set of non-terminals is shown after the name.

    0: $:
    1: TK_OR (precedence=1)
    2: TK_AND (precedence=2)
    3: TK_NOT (precedence=3)
    4: TK_EQ (precedence=4)
    5: TK_IN (precedence=4)
    6: TK_PLUS (precedence=5)
    7: TK_MINUS (precedence=5)
    8: TK_STAR (precedence=6)
    9: TK_SLASH (precedence=6)
   10: TK_CARET (precedence=7)
   11: TK_NULL
   12: TK_TRUE
   13: TK_FALSE
   14: TK_NUMBER
   15: TK_NUMBER_N
   16: TK_NUMBER_M
   17: TK_NUMBER_L
   18: TK_STRING
   19: TK_BLOB
   20: TK_UNBOUND
   21: TK_IDENT
   22: TK_RBRACKET
   23: TK_LBRACKET
   24: TK_COMMA
   25: TK_RBRACE
   26: TK_LBRACE
   27: TK_COLON
   28: TK_WHERE
   29: TK_LPAREN
   30: TK_RPAREN
   31: input: TK_NULL TK_TRUE TK_FALSE TK_NUMBER TK_NUMBER_N TK_NUMBER_M TK_NUMBER_L TK_STRING TK_BLOB TK_UNBOUND TK_IDENT TK_LBRACKET TK_LBRACE
   32: value: TK_NULL TK_TRUE TK_FALSE TK_NUMBER TK_NUMBER_N TK_NUMBER_M TK_NUMBER_L TK_STRING TK_BLOB TK_UNBOUND TK_IDENT TK_LBRACKET TK_LBRACE
   33: view_def: TK_NULL TK_TRUE TK_FALSE TK_NUMBER TK_NUMBER_N TK_NUMBER_M TK_NUMBER_L TK_STRING TK_BLOB TK_UNBOUND TK_IDENT TK_LBRACKET TK_LBRACE
   34: array: TK_LBRACKET
   35: arr_open: TK_LBRACKET
   36: elements: TK_NULL TK_TRUE TK_FALSE TK_NUMBER TK_NUMBER_N TK_NUMBER_M TK_NUMBER_L TK_STRING TK_BLOB TK_UNBOUND TK_IDENT TK_LBRACKET TK_LBRACE
   37: opt_comma: <lambda> TK_COMMA
   38: object: TK_LBRACE
   39: obj_open: TK_LBRACE
   40: entries: TK_NULL TK_TRUE TK_FALSE TK_NUMBER TK_NUMBER_N TK_NUMBER_M TK_NUMBER_L TK_STRING TK_BLOB TK_UNBOUND TK_IDENT TK_LBRACKET TK_LBRACE
   41: entry: TK_NULL TK_TRUE TK_FALSE TK_NUMBER TK_NUMBER_N TK_NUMBER_M TK_NUMBER_L TK_STRING TK_BLOB TK_UNBOUND TK_IDENT TK_LBRACKET TK_LBRACE
   42: condition: TK_NOT TK_MINUS TK_NULL TK_TRUE TK_FALSE TK_NUMBER TK_NUMBER_N TK_NUMBER_M TK_NUMBER_L TK_STRING TK_BLOB TK_UNBOUND TK_IDENT TK_LBRACKET TK_LBRACE TK_LPAREN
   43: match_clause: TK_NULL TK_TRUE TK_FALSE TK_NUMBER TK_NUMBER_N TK_NUMBER_M TK_NUMBER_L TK_STRING TK_BLOB TK_UNBOUND TK_IDENT TK_LBRACKET TK_LBRACE
   44: expr: TK_MINUS TK_NULL TK_TRUE TK_FALSE TK_NUMBER TK_NUMBER_N TK_NUMBER_M TK_NUMBER_L TK_STRING TK_BLOB TK_UNBOUND TK_IDENT TK_LBRACKET TK_LBRACE TK_LPAREN
----------------------------------------------------
Syntax-only Symbols:
The following symbols never carry semantic content.

$ TK_OR TK_AND TK_NOT TK_EQ TK_IN TK_PLUS TK_MINUS TK_STAR TK_SLASH TK_CARET
TK_NULL TK_TRUE TK_FALSE TK_RBRACKET TK_LBRACKET TK_COMMA TK_RBRACE
TK_LBRACE TK_COLON TK_WHERE TK_LPAREN TK_RPAREN input value view_def array
arr_open elements opt_comma object obj_open entries entry condition
match_clause expr
----------------------------------------------------
Rules:
   0: value ::= TK_NULL.
   1: value ::= TK_TRUE.
   2: value ::= TK_FALSE.
   3: value ::= TK_NUMBER.
   4: value ::= TK_NUMBER_N.
   5: value ::= TK_NUMBER_M.
   6: value ::= TK_NUMBER_L.
   7: value ::= TK_STRING.
   8: value ::= TK_BLOB.
   9: value ::= TK_UNBOUND.
  10: value ::= TK_IDENT.
  11: array ::= arr_open TK_RBRACKET.
  12: array ::= arr_open elements opt_comma TK_RBRACKET.
  13: arr_open ::= TK_LBRACKET.
  14: object ::= obj_open TK_RBRACE.
  15: object ::= obj_open entries opt_comma TK_RBRACE.
  16: obj_open ::= TK_LBRACE.
  17: entry ::= value.
  18: view_def ::= value TK_WHERE condition.
  19: condition ::= condition TK_AND condition. [TK_AND precedence=2]
  20: condition ::= condition TK_OR condition. [TK_OR precedence=1]
  21: condition ::= TK_NOT condition. [TK_NOT precedence=3]
  22: match_clause ::= value TK_IN value. [TK_IN precedence=4]
  23: condition ::= expr TK_EQ expr. [TK_EQ precedence=4]
  24: expr ::= expr TK_PLUS expr. [TK_PLUS precedence=5]
  25: expr ::= expr TK_MINUS expr. [TK_MINUS precedence=5]
  26: expr ::= expr TK_STAR expr. [TK_STAR precedence=6]
  27: expr ::= expr TK_SLASH expr. [TK_SLASH precedence=6]
  28: expr ::= expr TK_CARET expr. [TK_CARET precedence=7]
  29: expr ::= TK_MINUS expr. [TK_CARET precedence=7]
  30: input ::= value.
  31: input ::= view_def.
  32: value ::= array.
  33: elements ::= value.
  34: elements ::= elements TK_COMMA value.
  35: value ::= object.
  36: entries ::= entry.
  37: entries ::= entries TK_COMMA entry.
  38: entry ::= value TK_COLON value.
  39: entry ::= value TK_COLON view_def.
  40: opt_comma ::=.
  41: opt_comma ::= TK_COMMA.
  42: condition ::= match_clause.
  43: condition ::= TK_LPAREN condition TK_RPAREN.
  44: expr ::= value.
  45: expr ::= TK_LPAREN expr TK_RPAREN.
